<?xml version="1.0" encoding="UTF-8"?>
<!-- Generated by org.testng.reporters.JUnitXMLReporter -->
<testsuite ignored="0" hostname="DESKTOP-AV6MM5J" failures="0" tests="3" name="Test" time="48.225" errors="0" timestamp="2023-10-09T17:22:13 IST">
  <testcase classname="com.qa.selltistest.createaccount" name="setUp" time="34.239"/>
  <testcase classname="com.qa.selltistest.createaccount" name="clickonaccount" time="2.13"/>
  <testcase classname="com.qa.selltistest.createaccount" name="createanaccount" time="5.274"/>
</testsuite> <!-- Test -->
