<?xml version="1.0" encoding="UTF-8"?>
<testng-results ignored="0" total="3" passed="3" failed="0" skipped="0">
  <reporter-output>
  </reporter-output>
  <suite started-at="2023-10-09T17:21:25 IST" name="Suite" finished-at="2023-10-09T17:22:13 IST" duration-ms="48225">
    <groups>
    </groups>
    <test started-at="2023-10-09T17:21:25 IST" name="Test" finished-at="2023-10-09T17:22:13 IST" duration-ms="48225">
      <class name="com.qa.selltistest.createaccount">
        <test-method is-config="true" signature="intilization(java.lang.String,java.lang.String)[pri:0, instance:com.qa.selltistest.createaccount@74d1dc36]" started-at="2023-10-09T17:21:25 IST" name="intilization" finished-at="2023-10-09T17:21:32 IST" duration-ms="6488" status="PASS">
          <params>
            <param index="0">
              <value>
                <![CDATA[chrome]]>
              </value>
            </param>
            <param index="1">
              <value>
                <![CDATA[https://otctest.selltis.com/]]>
              </value>
            </param>
          </params>
          <reporter-output>
          </reporter-output>
        </test-method> <!-- intilization -->
        <test-method signature="setUp()[pri:0, instance:com.qa.selltistest.createaccount@74d1dc36]" started-at="2023-10-09T17:21:32 IST" name="setUp" finished-at="2023-10-09T17:22:06 IST" duration-ms="34239" status="PASS">
          <reporter-output>
          </reporter-output>
        </test-method> <!-- setUp -->
        <test-method signature="clickonaccount()[pri:1, instance:com.qa.selltistest.createaccount@74d1dc36]" started-at="2023-10-09T17:22:06 IST" name="clickonaccount" finished-at="2023-10-09T17:22:08 IST" duration-ms="2130" status="PASS">
          <reporter-output>
          </reporter-output>
        </test-method> <!-- clickonaccount -->
        <test-method signature="createanaccount()[pri:2, instance:com.qa.selltistest.createaccount@74d1dc36]" started-at="2023-10-09T17:22:08 IST" name="createanaccount" finished-at="2023-10-09T17:22:13 IST" duration-ms="5274" status="PASS">
          <reporter-output>
          </reporter-output>
        </test-method> <!-- createanaccount -->
      </class> <!-- com.qa.selltistest.createaccount -->
    </test> <!-- Test -->
  </suite> <!-- Suite -->
</testng-results>
